<?xml version="1.0" encoding="UTF-8"?>
<!-- Generated by org.testng.reporters.JUnitReportReporter -->
<testsuite hostname="LTIN368296" failures="0" tests="1" name="testBase.BaseClass" time="0.006" errors="0" timestamp="2024-11-09T22:12:53 IST" skipped="0">
  <testcase classname="testBase.BaseClass" name="sample" time="0.006"/>
  <system-out/>
</testsuite> <!-- testBase.BaseClass -->
