<?xml version="1.0" encoding="UTF-8"?>
<!-- Generated by org.testng.reporters.JUnitReportReporter -->
<testsuite hostname="LTIN368296" failures="0" tests="2" name="testCases.TC001_CourseSearchingTest" time="81.579" errors="0" timestamp="2024-11-10T20:17:28 IST" skipped="0">
  <testcase classname="testCases.TC001_CourseSearchingTest" name="testSearchFunction" time="50.086"/>
  <system-out/>
  <testcase classname="testCases.TC001_CourseSearchingTest" name="testSearchFunction" time="31.493"/>
  <system-out/>
</testsuite> <!-- testCases.TC001_CourseSearchingTest -->
