<?xml version="1.0" encoding="UTF-8"?>
<!-- Generated by org.testng.reporters.JUnitReportReporter -->
<testsuite hostname="LTIN368296" failures="0" tests="6" name="pageObject.TestSearch" time="187.025" errors="0" timestamp="2024-10-29T11:18:54 IST" skipped="0">
  <testcase classname="pageObject.TestSearch" name="testHomePage" time="7.253"/>
  <system-out/>
  <testcase classname="pageObject.TestSearch" name="testSearchBar" time="36.294"/>
  <system-out/>
  <testcase classname="pageObject.TestSearch" name="testFilters" time="22.621"/>
  <system-out/>
  <testcase classname="pageObject.TestSearch" name="getCourseDetails" time="20.843"/>
  <system-out/>
  <testcase classname="pageObject.TestSearch" name="testBusiness" time="99.057"/>
  <system-out/>
  <testcase classname="pageObject.TestSearch" name="errorMessage" time="0.957"/>
  <system-out/>
</testsuite> <!-- pageObject.TestSearch -->
