<?xml version="1.0" encoding="UTF-8"?>
<!-- Generated by org.testng.reporters.JUnitReportReporter -->
<testsuite hostname="LTIN368296" failures="0" tests="1" name="testCases.TC001_CourseSearcingTest" time="8.661" errors="0" timestamp="2024-11-10T12:59:52 IST" skipped="0">
  <testcase classname="testCases.TC001_CourseSearcingTest" name="testSearchFunction" time="8.661"/>
  <system-out/>
</testsuite> <!-- testCases.TC001_CourseSearcingTest -->
