<?xml version="1.0" encoding="UTF-8"?>
<!-- Generated by org.testng.reporters.JUnitReportReporter -->
<testsuite hostname="LTIN368296" failures="0" tests="6" name="hackathon.TestSearch" time="198.130" errors="0" timestamp="2024-10-28T10:26:27 IST" skipped="0">
  <testcase classname="hackathon.TestSearch" name="testHomePage" time="24.705"/>
  <system-out/>
  <testcase classname="hackathon.TestSearch" name="testSearchBar" time="22.125"/>
  <system-out/>
  <testcase classname="hackathon.TestSearch" name="testFilters" time="35.430"/>
  <system-out/>
  <testcase classname="hackathon.TestSearch" name="getCourseDetails" time="24.152"/>
  <system-out/>
  <testcase classname="hackathon.TestSearch" name="testBusiness" time="88.583"/>
  <system-out/>
  <testcase classname="hackathon.TestSearch" name="errorMessage" time="3.135"/>
  <system-out/>
</testsuite> <!-- hackathon.TestSearch -->
