<?xml version="1.0" encoding="UTF-8"?>
<!-- Generated by org.testng.reporters.JUnitReportReporter -->
<testsuite hostname="LTIN368296" failures="0" tests="2" name="testCases.BaseClass" time="0.015" errors="0" timestamp="2024-11-09T20:08:15 IST" skipped="0">
  <testcase classname="testCases.BaseClass" name="sample" time="0.003"/>
  <system-out/>
  <testcase classname="testCases.BaseClass" name="sample" time="0.012"/>
  <system-out/>
</testsuite> <!-- testCases.BaseClass -->
