<?xml version="1.0" encoding="UTF-8"?>
<!-- Generated by org.testng.reporters.JUnitReportReporter -->
<testsuite hostname="LTIN368296" failures="0" tests="12" name="testNGTrigger.TestSearch" time="103.910" errors="0" timestamp="2024-11-07T17:44:00 IST" skipped="0">
  <testcase classname="testNGTrigger.TestSearch" name="testHomePage" time="23.599"/>
  <testcase classname="testNGTrigger.TestSearch" name="testHomePage" time="2.786"/>
  <testcase classname="testNGTrigger.TestSearch" name="testSearchBar" time="15.507"/>
  <testcase classname="testNGTrigger.TestSearch" name="testSearchBar" time="7.372"/>
  <testcase classname="testNGTrigger.TestSearch" name="testFilters" time="3.547"/>
  <testcase classname="testNGTrigger.TestSearch" name="testFilters" time="10.566"/>
  <testcase classname="testNGTrigger.TestSearch" name="getCourseDetails" time="1.495"/>
  <testcase classname="testNGTrigger.TestSearch" name="getCourseDetails" time="1.425"/>
  <testcase classname="testNGTrigger.TestSearch" name="testBusiness" time="14.169"/>
  <testcase classname="testNGTrigger.TestSearch" name="testBusiness" time="21.493"/>
  <testcase classname="testNGTrigger.TestSearch" name="errorMessage" time="0.852"/>
  <testcase classname="testNGTrigger.TestSearch" name="errorMessage" time="1.099"/>
</testsuite> <!-- testNGTrigger.TestSearch -->
