<?xml version="1.0" encoding="UTF-8"?>
<!-- Generated by org.testng.reporters.JUnitReportReporter -->
<testsuite hostname="LTIN368296" failures="0" tests="1" name="testCases.TC003_ErrorMessageTest" time="14.703" errors="0" timestamp="2024-11-11T10:01:41 IST" skipped="0">
  <testcase classname="testCases.TC003_ErrorMessageTest" name="testErrorMessage" time="14.703"/>
</testsuite> <!-- testCases.TC003_ErrorMessageTest -->
