<?xml version="1.0" encoding="UTF-8"?>
<!-- Generated by org.testng.reporters.JUnitReportReporter -->
<testsuite hostname="LTIN368296" failures="0" tests="1" name="testCases.TC002_CourseCountTest" time="35.849" errors="0" timestamp="2024-11-11T10:01:41 IST" skipped="0">
  <testcase classname="testCases.TC002_CourseCountTest" name="testFilterFunction" time="35.849"/>
</testsuite> <!-- testCases.TC002_CourseCountTest -->
